Log file open, 01/11/20 21:10:28
LogWindows: Failed to load 'aqProf.dll' (GetLastError=126)
LogWindows: File 'aqProf.dll' does not exist
LogWindows: Failed to load 'VtuneApi.dll' (GetLastError=126)
LogWindows: File 'VtuneApi.dll' does not exist
LogWindows: Failed to load 'VtuneApi32e.dll' (GetLastError=126)
LogWindows: File 'VtuneApi32e.dll' does not exist
LogConsoleResponse: Display: Failed to find resolution value strings in scalability ini. Falling back to default.
LogInit: Display: Running engine for game: Practice_02
LogPakFile: Registered encryption key '00000000000000000000000000000000': 0 pak files mounted, 0 remain pending
LogPlatformFile: Not using cached read wrapper
LogTaskGraph: Started task graph with 5 named threads and 35 total threads with 3 sets of task threads.
LogStats: Stats thread started at 0.398109
LogD3D11RHI: Loaded GFSDK_Aftermath_Lib.x64.dll
LogICUInternationalization: ICU TimeZone Detection - Raw Offset: -5:00, Platform Override: ''
LogPluginManager: Mounting plugin Paper2D
LogPluginManager: Mounting plugin AISupport
LogPluginManager: Mounting plugin LightPropagationVolume
LogPluginManager: Mounting plugin ActorLayerUtilities
LogPluginManager: Mounting plugin AnimationSharing
LogPluginManager: Mounting plugin CLionSourceCodeAccess
LogPluginManager: Mounting plugin CodeLiteSourceCodeAccess
LogPluginManager: Mounting plugin GitSourceControl
LogPluginManager: Mounting plugin KDevelopSourceCodeAccess
LogPluginManager: Mounting plugin NullSourceCodeAccess
LogPluginManager: Mounting plugin PerforceSourceControl
LogPluginManager: Mounting plugin SubversionSourceControl
LogPluginManager: Mounting plugin UObjectPlugin
LogPluginManager: Mounting plugin VisualStudioCodeSourceCodeAccess
LogPluginManager: Mounting plugin VisualStudioSourceCodeAccess
LogPluginManager: Mounting plugin XCodeSourceCodeAccess
LogPluginManager: Mounting plugin AssetManagerEditor
LogPluginManager: Mounting plugin CryptoKeys
LogPluginManager: Mounting plugin DataValidation
LogPluginManager: Mounting plugin EditorScriptingUtilities
LogPluginManager: Mounting plugin FacialAnimation
LogPluginManager: Mounting plugin GameplayTagsEditor
LogPluginManager: Mounting plugin GLTFImporter
LogPluginManager: Mounting plugin MacGraphicsSwitching
LogPluginManager: Mounting plugin MaterialAnalyzer
LogPluginManager: Mounting plugin MeshEditor
LogPluginManager: Mounting plugin MobileLauncherProfileWizard
LogPluginManager: Mounting plugin PluginBrowser
LogPluginManager: Mounting plugin SpeedTreeImporter
LogPluginManager: Mounting plugin DatasmithContent
LogPluginManager: Mounting plugin VariantManagerContent
LogPluginManager: Mounting plugin AlembicImporter
LogPluginManager: Mounting plugin AppleImageUtils
LogPluginManager: Mounting plugin AppleVision
LogPluginManager: Mounting plugin BackChannel
LogPluginManager: Mounting plugin BlastPlugin
LogPluginManager: Mounting plugin ChaosSolverPlugin
LogPluginManager: Mounting plugin CharacterAI
LogPluginManager: Mounting plugin GeometryCache
LogPluginManager: Mounting plugin GeometryCollectionPlugin
LogPluginManager: Mounting plugin HTML5Networking
LogPluginManager: Mounting plugin ProxyLODPlugin
LogPluginManager: Mounting plugin SkeletalReduction
LogPluginManager: Mounting plugin MagicLeap
LogPluginManager: Mounting plugin MagicLeapMedia
LogPluginManager: Mounting plugin AndroidMedia
LogPluginManager: Mounting plugin AvfMedia
LogPluginManager: Mounting plugin ImgMedia
LogPluginManager: Mounting plugin LinearTimecode
LogPluginManager: Mounting plugin MediaCompositing
LogPluginManager: Mounting plugin MediaPlayerEditor
LogPluginManager: Mounting plugin WebMMedia
LogPluginManager: Mounting plugin WmfMedia
LogPluginManager: Mounting plugin TcpMessaging
LogPluginManager: Mounting plugin UdpMessaging
LogPluginManager: Mounting plugin ActorSequence
LogPluginManager: Mounting plugin LevelSequenceEditor
LogPluginManager: Mounting plugin MatineeToLevelSequence
LogPluginManager: Mounting plugin NetcodeUnitTest
LogPluginManager: Mounting plugin NUTUnrealEngine4
LogPluginManager: Mounting plugin OnlineSubsystemGooglePlay
LogPluginManager: Mounting plugin OnlineSubsystemIOS
LogPluginManager: Mounting plugin OnlineSubsystem
LogPluginManager: Mounting plugin OnlineSubsystemNull
LogPluginManager: Mounting plugin OnlineSubsystemUtils
LogPluginManager: Mounting plugin LauncherChunkInstaller
LogPluginManager: Mounting plugin AndroidDeviceProfileSelector
LogPluginManager: Mounting plugin AndroidMoviePlayer
LogPluginManager: Mounting plugin AndroidPermission
LogPluginManager: Mounting plugin AppleMoviePlayer
LogPluginManager: Mounting plugin ArchVisCharacter
LogPluginManager: Mounting plugin AudioCapture
LogPluginManager: Mounting plugin CableComponent
LogPluginManager: Mounting plugin CustomMeshComponent
LogPluginManager: Mounting plugin EditableMesh
LogPluginManager: Mounting plugin ExampleDeviceProfileSelector
LogPluginManager: Mounting plugin Firebase
LogPluginManager: Mounting plugin GoogleCloudMessaging
LogPluginManager: Mounting plugin IOSDeviceProfileSelector
LogPluginManager: Mounting plugin LinuxDeviceProfileSelector
LogPluginManager: Mounting plugin LocationServicesBPLibrary
LogPluginManager: Mounting plugin MobilePatchingUtils
LogPluginManager: Mounting plugin OculusVR
LogPluginManager: Mounting plugin PhysXVehicles
LogPluginManager: Mounting plugin ProceduralMeshComponent
LogPluginManager: Mounting plugin RuntimePhysXCooking
LogPluginManager: Mounting plugin SignificanceManager
LogPluginManager: Mounting plugin SteamVR
LogPluginManager: Mounting plugin WebMMoviePlayer
LogPluginManager: Mounting plugin WindowsMoviePlayer
LogPluginManager: Mounting plugin DatasmithCADImporter
LogPluginManager: Mounting plugin DatasmithDataPrepEditor
LogPluginManager: Mounting plugin DatasmithFBXImporter
LogPluginManager: Mounting plugin DatasmithGLTFImporter
LogPluginManager: Mounting plugin DatasmithImporter
LogPluginManager: Mounting plugin MDLImporter
LogPluginManager: Mounting plugin StaticMeshEditorExtension
LogPluginManager: Mounting plugin VariantManager
LogInit: Using libcurl 7.55.1-DEV
LogInit:  - built for x86_64-pc-win32
LogInit:  - supports SSL with OpenSSL/1.1.1
LogInit:  - supports HTTP deflate (compression) using libz 1.2.8
LogInit:  - other features:
LogInit:      CURL_VERSION_SSL
LogInit:      CURL_VERSION_LIBZ
LogInit:      CURL_VERSION_IPV6
LogInit:      CURL_VERSION_ASYNCHDNS
LogInit:      CURL_VERSION_LARGEFILE
LogInit:      CURL_VERSION_IDN
LogInit:  CurlRequestOptions (configurable via config and command line):
LogInit:  - bVerifyPeer = true  - Libcurl will verify peer certificate
LogInit:  - bUseHttpProxy = false  - Libcurl will NOT use HTTP proxy
LogInit:  - bDontReuseConnections = false  - Libcurl will reuse connections
LogInit:  - MaxHostConnections = 16  - Libcurl will limit the number of connections to a host
LogInit:  - LocalHostAddr = Default
LogInit:  - BufferSize = 65536
LogInit: WinSock: version 1.1 (2.2), MaxSocks=32767, MaxUdp=65467
LogInit: Build: ++UE4+Release-4.22-CL-7053642
LogInit: Engine Version: 4.22.3-7053642+++UE4+Release-4.22
LogInit: Compatible Engine Version: 4.22.0-5660361+++UE4+Release-4.22
LogInit: Net CL: 5660361
LogInit: OS: Windows 10 (Release 1809) (), CPU: Intel(R) Core(TM) i7-8750H CPU @ 2.20GHz, GPU: Intel(R) UHD Graphics 630
LogInit: Compiled (64-bit): Jun 18 2019 03:09:11
LogInit: Compiled with Visual C++: 19.16.27025.01
LogInit: Build Configuration: Development
LogInit: Branch Name: ++UE4+Release-4.22
LogInit: Command Line:  /Game/ThirdPersonBP/Maps/MainMenu -game -PIEVIACONSOLE -ResX=1280 -ResY=720 -Multiprocess -messaging -SessionName="Play in Standalone Game" -windowed
LogInit: Base Directory: D:/Program Files (x86)/Epic Games/UE_4.22/Engine/Binaries/Win64/
LogInit: Installed Engine Build: 1
LogDevObjectVersion: Number of dev versions registered: 23
LogDevObjectVersion:   Dev-Blueprints (B0D832E4-1F89-4F0D-ACCF-7EB736FD4AA2): 10
LogDevObjectVersion:   Dev-Build (E1C64328-A22C-4D53-A36C-8E866417BD8C): 0
LogDevObjectVersion:   Dev-Core (375EC13C-06E4-48FB-B500-84F0262A717E): 3
LogDevObjectVersion:   Dev-Editor (E4B068ED-F494-42E9-A231-DA0B2E46BB41): 30
LogDevObjectVersion:   Dev-Framework (CFFC743F-43B0-4480-9391-14DF171D2073): 35
LogDevObjectVersion:   Dev-Mobile (B02B49B5-BB20-44E9-A304-32B752E40360): 2
LogDevObjectVersion:   Dev-Networking (A4E4105C-59A1-49B5-A7C5-40C4547EDFEE): 0
LogDevObjectVersion:   Dev-Online (39C831C9-5AE6-47DC-9A44-9C173E1C8E7C): 0
LogDevObjectVersion:   Dev-Physics (78F01B33-EBEA-4F98-B9B4-84EACCB95AA2): 0
LogDevObjectVersion:   Dev-Platform (6631380F-2D4D-43E0-8009-CF276956A95A): 0
LogDevObjectVersion:   Dev-Rendering (12F88B9F-8875-4AFC-A67C-D90C383ABD29): 28
LogDevObjectVersion:   Dev-Sequencer (7B5AE74C-D270-4C10-A958-57980B212A5A): 11
LogDevObjectVersion:   Dev-VR (D7296918-1DD6-4BDD-9DE2-64A83CC13884): 2
LogDevObjectVersion:   Dev-LoadTimes (C2A15278-BFE7-4AFE-6C17-90FF531DF755): 1
LogDevObjectVersion:   Private-Geometry (6EACA3D4-40EC-4CC1-B786-8BED09428FC5): 3
LogDevObjectVersion:   Dev-AnimPhys (29E575DD-E0A3-4627-9D10-D276232CDCEA): 17
LogDevObjectVersion:   Dev-Anim (AF43A65D-7FD3-4947-9873-3E8ED9C1BB05): 2
LogDevObjectVersion:   Dev-ReflectionCapture (6B266CEC-1EC7-4B8F-A30B-E4D90942FC07): 1
LogDevObjectVersion:   Dev-Automation (0DF73D61-A23F-47EA-B727-89E90C41499A): 1
LogDevObjectVersion:   FortniteMain (601D1886-AC64-4F84-AA16-D3DE0DEAC7D6): 25
LogDevObjectVersion:   Dev-Enterprise (9DFFBCD6-494F-0158-E221-12823C92A888): 6
LogDevObjectVersion:   Dev-Niagara (F2AED0AC-9AFE-416F-8664-AA7FFA26D6FC): 1
LogDevObjectVersion:   Dev-Destruction (174F1F0B-B4C6-45A5-B13F-2EE8D0FB917D): 2
LogInit: Presizing for max 16777216 objects, including 0 objects not considered by GC, pre-allocating 0 bytes for permanent pool.
LogInit: Object subsystem initialized
LogConfig: Setting CVar [[con.DebugEarlyDefault:1]]
LogConfig: Setting CVar [[r.setres:1280x720]]
[2020.01.12-02.10.28:337][  0]LogConfig: Setting CVar [[con.DebugEarlyDefault:1]]
[2020.01.12-02.10.28:337][  0]LogConfig: Setting CVar [[r.setres:1280x720]]
[2020.01.12-02.10.28:337][  0]LogConfig: Applying CVar settings from Section [/Script/Engine.RendererSettings] File [D:/Program Files (x86)/Unreal/Practice_02/Saved/Config/Windows/Engine.ini]
[2020.01.12-02.10.28:337][  0]LogConfig: Setting CVar [[r.GPUCrashDebugging:0]]
[2020.01.12-02.10.28:337][  0]LogConfig: Applying CVar settings from Section [/Script/Engine.RendererOverrideSettings] File [D:/Program Files (x86)/Unreal/Practice_02/Saved/Config/Windows/Engine.ini]
[2020.01.12-02.10.28:337][  0]LogConfig: Applying CVar settings from Section [/Script/Engine.StreamingSettings] File [D:/Program Files (x86)/Unreal/Practice_02/Saved/Config/Windows/Engine.ini]
[2020.01.12-02.10.28:337][  0]LogConfig: Setting CVar [[s.MinBulkDataSizeForAsyncLoading:131072]]
[2020.01.12-02.10.28:337][  0]LogConfig: Setting CVar [[s.AsyncLoadingThreadEnabled:0]]
[2020.01.12-02.10.28:337][  0]LogConfig: Setting CVar [[s.EventDrivenLoaderEnabled:1]]
[2020.01.12-02.10.28:337][  0]LogConfig: Setting CVar [[s.WarnIfTimeLimitExceeded:0]]
[2020.01.12-02.10.28:337][  0]LogConfig: Setting CVar [[s.TimeLimitExceededMultiplier:1.5]]
[2020.01.12-02.10.28:337][  0]LogConfig: Setting CVar [[s.TimeLimitExceededMinTime:0.005]]
[2020.01.12-02.10.28:337][  0]LogConfig: Setting CVar [[s.UseBackgroundLevelStreaming:1]]
[2020.01.12-02.10.28:337][  0]LogConfig: Setting CVar [[s.PriorityAsyncLoadingExtraTime:15.0]]
[2020.01.12-02.10.28:337][  0]LogConfig: Setting CVar [[s.LevelStreamingActorsUpdateTimeLimit:5.0]]
[2020.01.12-02.10.28:337][  0]LogConfig: Setting CVar [[s.PriorityLevelStreamingActorsUpdateExtraTime:5.0]]
[2020.01.12-02.10.28:337][  0]LogConfig: Setting CVar [[s.LevelStreamingComponentsRegistrationGranularity:10]]
[2020.01.12-02.10.28:337][  0]LogConfig: Setting CVar [[s.UnregisterComponentsTimeLimit:1.0]]
[2020.01.12-02.10.28:337][  0]LogConfig: Setting CVar [[s.LevelStreamingComponentsUnregistrationGranularity:5]]
[2020.01.12-02.10.28:337][  0]LogConfig: Applying CVar settings from Section [/Script/Engine.GarbageCollectionSettings] File [D:/Program Files (x86)/Unreal/Practice_02/Saved/Config/Windows/Engine.ini]
[2020.01.12-02.10.28:337][  0]LogConfig: Setting CVar [[gc.MaxObjectsNotConsideredByGC:1]]
[2020.01.12-02.10.28:337][  0]LogConfig: Setting CVar [[gc.SizeOfPermanentObjectPool:0]]
[2020.01.12-02.10.28:337][  0]LogConfig: Setting CVar [[gc.FlushStreamingOnGC:0]]
[2020.01.12-02.10.28:337][  0]LogConfig: Setting CVar [[gc.NumRetriesBeforeForcingGC:10]]
[2020.01.12-02.10.28:337][  0]LogConfig: Setting CVar [[gc.AllowParallelGC:1]]
[2020.01.12-02.10.28:337][  0]LogConfig: Setting CVar [[gc.TimeBetweenPurgingPendingKillObjects:61.1]]
[2020.01.12-02.10.28:337][  0]LogConfig: Setting CVar [[gc.MaxObjectsInEditor:16777216]]
[2020.01.12-02.10.28:337][  0]LogConfig: Setting CVar [[gc.IncrementalBeginDestroyEnabled:1]]
[2020.01.12-02.10.28:337][  0]LogConfig: Setting CVar [[gc.CreateGCClusters:1]]
[2020.01.12-02.10.28:337][  0]LogConfig: Setting CVar [[gc.MinGCClusterSize:5]]
[2020.01.12-02.10.28:337][  0]LogConfig: Setting CVar [[gc.ActorClusteringEnabled:0]]
[2020.01.12-02.10.28:337][  0]LogConfig: Setting CVar [[gc.BlueprintClusteringEnabled:0]]
[2020.01.12-02.10.28:337][  0]LogConfig: Setting CVar [[gc.UseDisregardForGCOnDedicatedServers:0]]
[2020.01.12-02.10.28:337][  0]LogConfig: Applying CVar settings from Section [/Script/Engine.NetworkSettings] File [D:/Program Files (x86)/Unreal/Practice_02/Saved/Config/Windows/Engine.ini]
[2020.01.12-02.10.28:337][  0]LogConfig: Applying CVar settings from Section [/Script/UnrealEd.CookerSettings] File [D:/Program Files (x86)/Unreal/Practice_02/Saved/Config/Windows/Engine.ini]
[2020.01.12-02.10.28:341][  0]LogConfig: Applying CVar settings from Section [ViewDistanceQuality@3] File [D:/Program Files (x86)/Unreal/Practice_02/Saved/Config/Windows/Scalability.ini]
[2020.01.12-02.10.28:341][  0]LogConfig: Setting CVar [[r.SkeletalMeshLODBias:0]]
[2020.01.12-02.10.28:341][  0]LogConfig: Setting CVar [[r.ViewDistanceScale:1.0]]
[2020.01.12-02.10.28:341][  0]LogConfig: Applying CVar settings from Section [AntiAliasingQuality@3] File [D:/Program Files (x86)/Unreal/Practice_02/Saved/Config/Windows/Scalability.ini]
[2020.01.12-02.10.28:341][  0]LogConfig: Setting CVar [[r.PostProcessAAQuality:4]]
[2020.01.12-02.10.28:341][  0]LogConfig: Applying CVar settings from Section [ShadowQuality@3] File [D:/Program Files (x86)/Unreal/Practice_02/Saved/Config/Windows/Scalability.ini]
[2020.01.12-02.10.28:341][  0]LogConfig: Setting CVar [[r.LightFunctionQuality:1]]
[2020.01.12-02.10.28:341][  0]LogConfig: Setting CVar [[r.ShadowQuality:5]]
[2020.01.12-02.10.28:341][  0]LogConfig: Setting CVar [[r.Shadow.CSM.MaxCascades:10]]
[2020.01.12-02.10.28:341][  0]LogConfig: Setting CVar [[r.Shadow.MaxResolution:2048]]
[2020.01.12-02.10.28:341][  0]LogConfig: Setting CVar [[r.Shadow.MaxCSMResolution:2048]]
[2020.01.12-02.10.28:341][  0]LogConfig: Setting CVar [[r.Shadow.RadiusThreshold:0.01]]
[2020.01.12-02.10.28:341][  0]LogConfig: Setting CVar [[r.Shadow.DistanceScale:1.0]]
[2020.01.12-02.10.28:341][  0]LogConfig: Setting CVar [[r.Shadow.CSM.TransitionScale:1.0]]
[2020.01.12-02.10.28:341][  0]LogConfig: Setting CVar [[r.Shadow.PreShadowResolutionFactor:1.0]]
[2020.01.12-02.10.28:341][  0]LogConfig: Setting CVar [[r.DistanceFieldShadowing:1]]
[2020.01.12-02.10.28:341][  0]LogConfig: Setting CVar [[r.DistanceFieldAO:1]]
[2020.01.12-02.10.28:341][  0]LogConfig: Setting CVar [[r.AOQuality:2]]
[2020.01.12-02.10.28:341][  0]LogConfig: Setting CVar [[r.VolumetricFog:1]]
[2020.01.12-02.10.28:341][  0]LogConfig: Setting CVar [[r.VolumetricFog.GridPixelSize:8]]
[2020.01.12-02.10.28:341][  0]LogConfig: Setting CVar [[r.VolumetricFog.GridSizeZ:128]]
[2020.01.12-02.10.28:341][  0]LogConfig: Setting CVar [[r.VolumetricFog.HistoryMissSupersampleCount:4]]
[2020.01.12-02.10.28:341][  0]LogConfig: Setting CVar [[r.LightMaxDrawDistanceScale:1]]
[2020.01.12-02.10.28:341][  0]LogConfig: Setting CVar [[r.CapsuleShadows:1]]
[2020.01.12-02.10.28:341][  0]LogConfig: Applying CVar settings from Section [PostProcessQuality@3] File [D:/Program Files (x86)/Unreal/Practice_02/Saved/Config/Windows/Scalability.ini]
[2020.01.12-02.10.28:341][  0]LogConfig: Setting CVar [[r.MotionBlurQuality:4]]
[2020.01.12-02.10.28:341][  0]LogConfig: Setting CVar [[r.AmbientOcclusionMipLevelFactor:0.4]]
[2020.01.12-02.10.28:341][  0]LogConfig: Setting CVar [[r.AmbientOcclusionMaxQuality:100]]
[2020.01.12-02.10.28:341][  0]LogConfig: Setting CVar [[r.AmbientOcclusionLevels:-1]]
[2020.01.12-02.10.28:341][  0]LogConfig: Setting CVar [[r.AmbientOcclusionRadiusScale:1.0]]
[2020.01.12-02.10.28:341][  0]LogConfig: Setting CVar [[r.DepthOfFieldQuality:2]]
[2020.01.12-02.10.28:341][  0]LogConfig: Setting CVar [[r.RenderTargetPoolMin:400]]
[2020.01.12-02.10.28:341][  0]LogConfig: Setting CVar [[r.LensFlareQuality:2]]
[2020.01.12-02.10.28:341][  0]LogConfig: Setting CVar [[r.SceneColorFringeQuality:1]]
[2020.01.12-02.10.28:341][  0]LogConfig: Setting CVar [[r.EyeAdaptationQuality:2]]
[2020.01.12-02.10.28:341][  0]LogConfig: Setting CVar [[r.BloomQuality:5]]
[2020.01.12-02.10.28:341][  0]LogConfig: Setting CVar [[r.FastBlurThreshold:100]]
[2020.01.12-02.10.28:341][  0]LogConfig: Setting CVar [[r.Upscale.Quality:3]]
[2020.01.12-02.10.28:341][  0]LogConfig: Setting CVar [[r.Tonemapper.GrainQuantization:1]]
[2020.01.12-02.10.28:341][  0]LogConfig: Setting CVar [[r.LightShaftQuality:1]]
[2020.01.12-02.10.28:341][  0]LogConfig: Setting CVar [[r.Filter.SizeScale:1]]
[2020.01.12-02.10.28:341][  0]LogConfig: Setting CVar [[r.Tonemapper.Quality:5]]
[2020.01.12-02.10.28:341][  0]LogConfig: Setting CVar [[r.DOF.Gather.AccumulatorQuality:1        ; higher gathering accumulator quality]]
[2020.01.12-02.10.28:341][  0]LogConfig: Setting CVar [[r.DOF.Gather.PostfilterMethod:1          ; Median3x3 postfilering method]]
[2020.01.12-02.10.28:341][  0]LogConfig: Setting CVar [[r.DOF.Gather.EnableBokehSettings:0       ; no bokeh simulation when gathering]]
[2020.01.12-02.10.28:341][  0]LogConfig: Setting CVar [[r.DOF.Gather.RingCount:4                 ; medium number of samples when gathering]]
[2020.01.12-02.10.28:341][  0]LogConfig: Setting CVar [[r.DOF.Scatter.ForegroundCompositing:1    ; additive foreground scattering]]
[2020.01.12-02.10.28:341][  0]LogConfig: Setting CVar [[r.DOF.Scatter.BackgroundCompositing:2    ; additive background scattering]]
[2020.01.12-02.10.28:341][  0]LogConfig: Setting CVar [[r.DOF.Scatter.EnableBokehSettings:1      ; bokeh simulation when scattering]]
[2020.01.12-02.10.28:341][  0]LogConfig: Setting CVar [[r.DOF.Scatter.MaxSpriteRatio:0.1         ; only a maximum of 10% of scattered bokeh]]
[2020.01.12-02.10.28:341][  0]LogConfig: Setting CVar [[r.DOF.Recombine.Quality:1                ; cheap slight out of focus]]
[2020.01.12-02.10.28:341][  0]LogConfig: Setting CVar [[r.DOF.Recombine.EnableBokehSettings:0    ; no bokeh simulation on slight out of focus]]
[2020.01.12-02.10.28:341][  0]LogConfig: Setting CVar [[r.DOF.TemporalAAQuality:1                ; more stable temporal accumulation]]
[2020.01.12-02.10.28:341][  0]LogConfig: Setting CVar [[r.DOF.Kernel.MaxForegroundRadius:0.025]]
[2020.01.12-02.10.28:341][  0]LogConfig: Setting CVar [[r.DOF.Kernel.MaxBackgroundRadius:0.025]]
[2020.01.12-02.10.28:341][  0]LogConfig: Applying CVar settings from Section [TextureQuality@3] File [D:/Program Files (x86)/Unreal/Practice_02/Saved/Config/Windows/Scalability.ini]
[2020.01.12-02.10.28:341][  0]LogConfig: Setting CVar [[r.Streaming.MipBias:0]]
[2020.01.12-02.10.28:341][  0]LogConfig: Setting CVar [[r.Streaming.AmortizeCPUToGPUCopy:0]]
[2020.01.12-02.10.28:341][  0]LogConfig: Setting CVar [[r.Streaming.MaxNumTexturesToStreamPerFrame:0]]
[2020.01.12-02.10.28:341][  0]LogConfig: Setting CVar [[r.Streaming.Boost:1]]
[2020.01.12-02.10.28:342][  0]LogConfig: Setting CVar [[r.MaxAnisotropy:8]]
[2020.01.12-02.10.28:342][  0]LogConfig: Setting CVar [[r.Streaming.LimitPoolSizeToVRAM:0]]
[2020.01.12-02.10.28:342][  0]LogConfig: Setting CVar [[r.Streaming.PoolSize:1000]]
[2020.01.12-02.10.28:342][  0]LogConfig: Setting CVar [[r.Streaming.MaxEffectiveScreenSize:0]]
[2020.01.12-02.10.28:342][  0]LogConfig: Applying CVar settings from Section [EffectsQuality@3] File [D:/Program Files (x86)/Unreal/Practice_02/Saved/Config/Windows/Scalability.ini]
[2020.01.12-02.10.28:342][  0]LogConfig: Setting CVar [[r.TranslucencyLightingVolumeDim:64]]
[2020.01.12-02.10.28:342][  0]LogConfig: Setting CVar [[r.RefractionQuality:2]]
[2020.01.12-02.10.28:342][  0]LogConfig: Setting CVar [[r.SSR.Quality:3]]
[2020.01.12-02.10.28:342][  0]LogConfig: Setting CVar [[r.SceneColorFormat:4]]
[2020.01.12-02.10.28:342][  0]LogConfig: Setting CVar [[r.DetailMode:2]]
[2020.01.12-02.10.28:342][  0]LogConfig: Setting CVar [[r.TranslucencyVolumeBlur:1]]
[2020.01.12-02.10.28:342][  0]LogConfig: Setting CVar [[r.MaterialQualityLevel:1 ; High quality]]
[2020.01.12-02.10.28:342][  0]LogConfig: Setting CVar [[r.SSS.Scale:1]]
[2020.01.12-02.10.28:342][  0]LogConfig: Setting CVar [[r.SSS.SampleSet:2]]
[2020.01.12-02.10.28:342][  0]LogConfig: Setting CVar [[r.SSS.Quality:1]]
[2020.01.12-02.10.28:342][  0]LogConfig: Setting CVar [[r.SSS.HalfRes:1]]
[2020.01.12-02.10.28:342][  0]LogConfig: Setting CVar [[r.EmitterSpawnRateScale:1.0]]
[2020.01.12-02.10.28:342][  0]LogConfig: Setting CVar [[r.ParticleLightQuality:2]]
[2020.01.12-02.10.28:342][  0]LogConfig: Applying CVar settings from Section [FoliageQuality@3] File [D:/Program Files (x86)/Unreal/Practice_02/Saved/Config/Windows/Scalability.ini]
[2020.01.12-02.10.28:342][  0]LogConfig: Setting CVar [[foliage.DensityScale:1.0]]
[2020.01.12-02.10.28:342][  0]LogConfig: Setting CVar [[grass.DensityScale:1.0]]
[2020.01.12-02.10.28:342][  0]LogInit: Selected Device Profile: [Windows]
[2020.01.12-02.10.28:342][  0]LogInit: Applying CVar settings loaded from the selected device profile: [Windows]
[2020.01.12-02.10.28:345][  0]LogHAL: Display: Platform has ~ 12 GB [12724396032 / 17179869184 / 12], which maps to Larger [LargestMinGB=32, LargerMinGB=12, DefaultMinGB=8, SmallerMinGB=6, SmallestMinGB=0)
[2020.01.12-02.10.28:345][  0]LogConfig: Setting CVar [[r.Vulkan.UseRealUBs:0		; Required until we fix HLR fall-out]]
[2020.01.12-02.10.28:345][  0]LogInit: Going up to parent DeviceProfile []
[2020.01.12-02.10.28:346][  0]LogConfig: Applying CVar settings from Section [ViewDistanceQuality@3] File [D:/Program Files (x86)/Unreal/Practice_02/Saved/Config/Windows/Scalability.ini]
[2020.01.12-02.10.28:346][  0]LogConfig: Setting CVar [[r.SkeletalMeshLODBias:0]]
[2020.01.12-02.10.28:346][  0]LogConfig: Setting CVar [[r.ViewDistanceScale:1.0]]
[2020.01.12-02.10.28:346][  0]LogConfig: Applying CVar settings from Section [AntiAliasingQuality@3] File [D:/Program Files (x86)/Unreal/Practice_02/Saved/Config/Windows/Scalability.ini]
[2020.01.12-02.10.28:346][  0]LogConfig: Setting CVar [[r.PostProcessAAQuality:4]]
[2020.01.12-02.10.28:346][  0]LogConfig: Applying CVar settings from Section [ShadowQuality@3] File [D:/Program Files (x86)/Unreal/Practice_02/Saved/Config/Windows/Scalability.ini]
[2020.01.12-02.10.28:346][  0]LogConfig: Setting CVar [[r.LightFunctionQuality:1]]
[2020.01.12-02.10.28:346][  0]LogConfig: Setting CVar [[r.ShadowQuality:5]]
[2020.01.12-02.10.28:346][  0]LogConfig: Setting CVar [[r.Shadow.CSM.MaxCascades:10]]
[2020.01.12-02.10.28:346][  0]LogConfig: Setting CVar [[r.Shadow.MaxResolution:2048]]
[2020.01.12-02.10.28:346][  0]LogConfig: Setting CVar [[r.Shadow.MaxCSMResolution:2048]]
[2020.01.12-02.10.28:346][  0]LogConfig: Setting CVar [[r.Shadow.RadiusThreshold:0.01]]
[2020.01.12-02.10.28:346][  0]LogConfig: Setting CVar [[r.Shadow.DistanceScale:1.0]]
[2020.01.12-02.10.28:346][  0]LogConfig: Setting CVar [[r.Shadow.CSM.TransitionScale:1.0]]
[2020.01.12-02.10.28:346][  0]LogConfig: Setting CVar [[r.Shadow.PreShadowResolutionFactor:1.0]]
[2020.01.12-02.10.28:346][  0]LogConfig: Setting CVar [[r.DistanceFieldShadowing:1]]
[2020.01.12-02.10.28:346][  0]LogConfig: Setting CVar [[r.DistanceFieldAO:1]]
[2020.01.12-02.10.28:346][  0]LogConfig: Setting CVar [[r.AOQuality:2]]
[2020.01.12-02.10.28:346][  0]LogConfig: Setting CVar [[r.VolumetricFog:1]]
[2020.01.12-02.10.28:346][  0]LogConfig: Setting CVar [[r.VolumetricFog.GridPixelSize:8]]
[2020.01.12-02.10.28:346][  0]LogConfig: Setting CVar [[r.VolumetricFog.GridSizeZ:128]]
[2020.01.12-02.10.28:346][  0]LogConfig: Setting CVar [[r.VolumetricFog.HistoryMissSupersampleCount:4]]
[2020.01.12-02.10.28:346][  0]LogConfig: Setting CVar [[r.LightMaxDrawDistanceScale:1]]
[2020.01.12-02.10.28:346][  0]LogConfig: Setting CVar [[r.CapsuleShadows:1]]
[2020.01.12-02.10.28:346][  0]LogConfig: Applying CVar settings from Section [PostProcessQuality@3] File [D:/Program Files (x86)/Unreal/Practice_02/Saved/Config/Windows/Scalability.ini]
[2020.01.12-02.10.28:346][  0]LogConfig: Setting CVar [[r.MotionBlurQuality:4]]
[2020.01.12-02.10.28:346][  0]LogConfig: Setting CVar [[r.AmbientOcclusionMipLevelFactor:0.4]]
[2020.01.12-02.10.28:346][  0]LogConfig: Setting CVar [[r.AmbientOcclusionMaxQuality:100]]
[2020.01.12-02.10.28:346][  0]LogConfig: Setting CVar [[r.AmbientOcclusionLevels:-1]]
[2020.01.12-02.10.28:346][  0]LogConfig: Setting CVar [[r.AmbientOcclusionRadiusScale:1.0]]
[2020.01.12-02.10.28:346][  0]LogConfig: Setting CVar [[r.DepthOfFieldQuality:2]]
[2020.01.12-02.10.28:346][  0]LogConfig: Setting CVar [[r.RenderTargetPoolMin:400]]
[2020.01.12-02.10.28:346][  0]LogConfig: Setting CVar [[r.LensFlareQuality:2]]
[2020.01.12-02.10.28:346][  0]LogConfig: Setting CVar [[r.SceneColorFringeQuality:1]]
[2020.01.12-02.10.28:346][  0]LogConfig: Setting CVar [[r.EyeAdaptationQuality:2]]
[2020.01.12-02.10.28:346][  0]LogConfig: Setting CVar [[r.BloomQuality:5]]
[2020.01.12-02.10.28:346][  0]LogConfig: Setting CVar [[r.FastBlurThreshold:100]]
[2020.01.12-02.10.28:346][  0]LogConfig: Setting CVar [[r.Upscale.Quality:3]]
[2020.01.12-02.10.28:346][  0]LogConfig: Setting CVar [[r.Tonemapper.GrainQuantization:1]]
[2020.01.12-02.10.28:346][  0]LogConfig: Setting CVar [[r.LightShaftQuality:1]]
[2020.01.12-02.10.28:346][  0]LogConfig: Setting CVar [[r.Filter.SizeScale:1]]
[2020.01.12-02.10.28:346][  0]LogConfig: Setting CVar [[r.Tonemapper.Quality:5]]
[2020.01.12-02.10.28:346][  0]LogConfig: Setting CVar [[r.DOF.Gather.AccumulatorQuality:1        ; higher gathering accumulator quality]]
[2020.01.12-02.10.28:346][  0]LogConfig: Setting CVar [[r.DOF.Gather.PostfilterMethod:1          ; Median3x3 postfilering method]]
[2020.01.12-02.10.28:346][  0]LogConfig: Setting CVar [[r.DOF.Gather.EnableBokehSettings:0       ; no bokeh simulation when gathering]]
[2020.01.12-02.10.28:346][  0]LogConfig: Setting CVar [[r.DOF.Gather.RingCount:4                 ; medium number of samples when gathering]]
[2020.01.12-02.10.28:346][  0]LogConfig: Setting CVar [[r.DOF.Scatter.ForegroundCompositing:1    ; additive foreground scattering]]
[2020.01.12-02.10.28:346][  0]LogConfig: Setting CVar [[r.DOF.Scatter.BackgroundCompositing:2    ; additive background scattering]]
[2020.01.12-02.10.28:346][  0]LogConfig: Setting CVar [[r.DOF.Scatter.EnableBokehSettings:1      ; bokeh simulation when scattering]]
[2020.01.12-02.10.28:346][  0]LogConfig: Setting CVar [[r.DOF.Scatter.MaxSpriteRatio:0.1         ; only a maximum of 10% of scattered bokeh]]
[2020.01.12-02.10.28:346][  0]LogConfig: Setting CVar [[r.DOF.Recombine.Quality:1                ; cheap slight out of focus]]
[2020.01.12-02.10.28:346][  0]LogConfig: Setting CVar [[r.DOF.Recombine.EnableBokehSettings:0    ; no bokeh simulation on slight out of focus]]
[2020.01.12-02.10.28:346][  0]LogConfig: Setting CVar [[r.DOF.TemporalAAQuality:1                ; more stable temporal accumulation]]
[2020.01.12-02.10.28:346][  0]LogConfig: Setting CVar [[r.DOF.Kernel.MaxForegroundRadius:0.025]]
[2020.01.12-02.10.28:346][  0]LogConfig: Setting CVar [[r.DOF.Kernel.MaxBackgroundRadius:0.025]]
[2020.01.12-02.10.28:346][  0]LogConfig: Applying CVar settings from Section [TextureQuality@3] File [D:/Program Files (x86)/Unreal/Practice_02/Saved/Config/Windows/Scalability.ini]
[2020.01.12-02.10.28:346][  0]LogConfig: Setting CVar [[r.Streaming.MipBias:0]]
[2020.01.12-02.10.28:346][  0]LogConfig: Setting CVar [[r.Streaming.AmortizeCPUToGPUCopy:0]]
[2020.01.12-02.10.28:346][  0]LogConfig: Setting CVar [[r.Streaming.MaxNumTexturesToStreamPerFrame:0]]
[2020.01.12-02.10.28:346][  0]LogConfig: Setting CVar [[r.Streaming.Boost:1]]
[2020.01.12-02.10.28:346][  0]LogConfig: Setting CVar [[r.MaxAnisotropy:8]]
[2020.01.12-02.10.28:346][  0]LogConfig: Setting CVar [[r.Streaming.LimitPoolSizeToVRAM:0]]
[2020.01.12-02.10.28:346][  0]LogConfig: Setting CVar [[r.Streaming.PoolSize:1000]]
[2020.01.12-02.10.28:346][  0]LogConfig: Setting CVar [[r.Streaming.MaxEffectiveScreenSize:0]]
[2020.01.12-02.10.28:346][  0]LogConfig: Applying CVar settings from Section [EffectsQuality@3] File [D:/Program Files (x86)/Unreal/Practice_02/Saved/Config/Windows/Scalability.ini]
[2020.01.12-02.10.28:346][  0]LogConfig: Setting CVar [[r.TranslucencyLightingVolumeDim:64]]
[2020.01.12-02.10.28:346][  0]LogConfig: Setting CVar [[r.RefractionQuality:2]]
[2020.01.12-02.10.28:346][  0]LogConfig: Setting CVar [[r.SSR.Quality:3]]
[2020.01.12-02.10.28:346][  0]LogConfig: Setting CVar [[r.SceneColorFormat:4]]
[2020.01.12-02.10.28:346][  0]LogConfig: Setting CVar [[r.DetailMode:2]]
[2020.01.12-02.10.28:346][  0]LogConfig: Setting CVar [[r.TranslucencyVolumeBlur:1]]
[2020.01.12-02.10.28:346][  0]LogConfig: Setting CVar [[r.MaterialQualityLevel:1 ; High quality]]
[2020.01.12-02.10.28:346][  0]LogConfig: Setting CVar [[r.SSS.Scale:1]]
[2020.01.12-02.10.28:346][  0]LogConfig: Setting CVar [[r.SSS.SampleSet:2]]
[2020.01.12-02.10.28:346][  0]LogConfig: Setting CVar [[r.SSS.Quality:1]]
[2020.01.12-02.10.28:346][  0]LogConfig: Setting CVar [[r.SSS.HalfRes:1]]
[2020.01.12-02.10.28:346][  0]LogConfig: Setting CVar [[r.EmitterSpawnRateScale:1.0]]
[2020.01.12-02.10.28:346][  0]LogConfig: Setting CVar [[r.ParticleLightQuality:2]]
[2020.01.12-02.10.28:346][  0]LogConfig: Applying CVar settings from Section [FoliageQuality@3] File [D:/Program Files (x86)/Unreal/Practice_02/Saved/Config/Windows/Scalability.ini]
[2020.01.12-02.10.28:346][  0]LogConfig: Setting CVar [[foliage.DensityScale:1.0]]
[2020.01.12-02.10.28:346][  0]LogConfig: Setting CVar [[grass.DensityScale:1.0]]
[2020.01.12-02.10.28:347][  0]LogConfig: Applying CVar settings from Section [Startup] File [../../../Engine/Config/ConsoleVariables.ini]
[2020.01.12-02.10.28:347][  0]LogConfig: Setting CVar [[net.UseAdaptiveNetUpdateFrequency:0]]
[2020.01.12-02.10.28:347][  0]LogConfig: Setting CVar [[p.chaos.AllowCreatePhysxBodies:1]]
[2020.01.12-02.10.28:347][  0]LogConfig: Applying CVar settings from Section [ConsoleVariables] File [D:/Program Files (x86)/Unreal/Practice_02/Saved/Config/Windows/Engine.ini]
[2020.01.12-02.10.28:347][  0]LogInit: Computer: LAPTOP-V0C1F5AU
[2020.01.12-02.10.28:347][  0]LogInit: User: Owner
[2020.01.12-02.10.28:347][  0]LogInit: CPU Page size=4096, Cores=6
[2020.01.12-02.10.28:347][  0]LogInit: High frequency timer resolution =10.000000 MHz
[2020.01.12-02.10.28:347][  0]LogMemory: Memory total: Physical=11.9GB (12GB approx)
[2020.01.12-02.10.28:347][  0]LogMemory: Platform Memory Stats for Windows
[2020.01.12-02.10.28:347][  0]LogMemory: Process Physical Memory: 99.70 MB used, 99.70 MB peak
[2020.01.12-02.10.28:347][  0]LogMemory: Process Virtual Memory: 91.95 MB used, 91.95 MB peak
[2020.01.12-02.10.28:347][  0]LogMemory: Physical Memory: 7342.21 MB used,  4792.72 MB free, 12134.93 MB total
[2020.01.12-02.10.28:347][  0]LogMemory: Virtual Memory: 4672.41 MB used,  134213056.00 MB free, 134217728.00 MB total
[2020.01.12-02.10.28:377][  0]LogInit: Using OS detected language (en-US).
[2020.01.12-02.10.28:377][  0]LogInit: Using OS detected locale (en-CA).
[2020.01.12-02.10.28:377][  0]LogTextLocalizationManager: No specific localization for 'en-US' exists, so the 'en' localization will be used.
[2020.01.12-02.10.28:583][  0]LogSlate: New Slate User Created.  User Index 0, Is Virtual User: 0
[2020.01.12-02.10.28:584][  0]LogSlate: Slate User Registered.  User Index 0, Is Virtual User: 0
[2020.01.12-02.10.28:634][  0]LogHMD: Failed to initialize OpenVR with code 110
[2020.01.12-02.10.28:634][  0]LogD3D11RHI: D3D11 adapters:
[2020.01.12-02.10.28:712][  0]LogD3D11RHI:    0. 'NVIDIA GeForce GTX 1050 Ti' (Feature Level 11_0)
[2020.01.12-02.10.28:712][  0]LogD3D11RHI:       4018/0/6067 MB DedicatedVideo/DedicatedSystem/SharedSystem, Outputs:1, VendorId:0x10de
[2020.01.12-02.10.28:727][  0]LogD3D11RHI:    1. 'Intel(R) UHD Graphics 630' (Feature Level 11_0)
[2020.01.12-02.10.28:727][  0]LogD3D11RHI:       128/0/6067 MB DedicatedVideo/DedicatedSystem/SharedSystem, Outputs:0, VendorId:0x8086
[2020.01.12-02.10.28:729][  0]LogD3D11RHI:    2. 'Microsoft Basic Render Driver' (Feature Level 11_0)
[2020.01.12-02.10.28:729][  0]LogD3D11RHI:       0/0/6067 MB DedicatedVideo/DedicatedSystem/SharedSystem, Outputs:0, VendorId:0x1414
[2020.01.12-02.10.28:729][  0]LogD3D11RHI: Chosen D3D11 Adapter: 0
[2020.01.12-02.10.28:770][  0]LogD3D11RHI: Creating new Direct3DDevice
[2020.01.12-02.10.28:770][  0]LogD3D11RHI:     GPU DeviceId: 0x1c8c (for the marketing name, search the web for "GPU Device Id")
[2020.01.12-02.10.28:770][  0]LogWindows: EnumDisplayDevices:
[2020.01.12-02.10.28:770][  0]LogWindows:    0. 'Intel(R) UHD Graphics 630' (P:1 D:1)
[2020.01.12-02.10.28:771][  0]LogWindows:    1. 'Intel(R) UHD Graphics 630' (P:0 D:0)
[2020.01.12-02.10.28:771][  0]LogWindows:    2. 'Intel(R) UHD Graphics 630' (P:0 D:0)
[2020.01.12-02.10.28:772][  0]LogWindows:    3. 'NVIDIA GeForce GTX 1050 Ti' (P:0 D:0)
[2020.01.12-02.10.28:773][  0]LogWindows:    4. 'NVIDIA GeForce GTX 1050 Ti' (P:0 D:0)
[2020.01.12-02.10.28:773][  0]LogWindows:    5. 'NVIDIA GeForce GTX 1050 Ti' (P:0 D:0)
[2020.01.12-02.10.28:774][  0]LogWindows:    6. 'NVIDIA GeForce GTX 1050 Ti' (P:0 D:0)
[2020.01.12-02.10.28:774][  0]LogWindows: DebugString: PrimaryIsNotTheChoosenAdapter PrimaryIsNotTheChoosenAdapter PrimaryIsNotTheChoosenAdapter FoundDriverCount:4 
[2020.01.12-02.10.28:774][  0]LogD3D11RHI:     Adapter Name: NVIDIA GeForce GTX 1050 Ti
[2020.01.12-02.10.28:774][  0]LogD3D11RHI:   Driver Version: 430.86 (internal:26.21.14.3086, unified:430.86)
[2020.01.12-02.10.28:774][  0]LogD3D11RHI:      Driver Date: 5-22-2019
[2020.01.12-02.10.28:774][  0]LogRHI: Texture pool is 2812 MB (70% of 4018 MB)
[2020.01.12-02.10.28:819][  0]LogD3D11RHI: Async texture creation enabled
[2020.01.12-02.10.28:830][  0]LogRendererCore: FGlobalReadBuffer::InitRHI
[2020.01.12-02.10.28:831][  0]LogRendererCore: FGlobalReadBuffer::InitRHI
[2020.01.12-02.10.28:831][  0]LogRendererCore: FGlobalReadBuffer::InitRHI
[2020.01.12-02.10.28:839][  0]LogD3D11RHI: GPU Timing Frequency: 1000.000000 (Debug: 2 1)
[2020.01.12-02.10.29:231][  0]LogTemp: Display: Module 'WindowsClientTargetPlatform' loaded TargetPlatform 'WindowsClient'
[2020.01.12-02.10.29:242][  0]LogTemp: Display: Module 'WindowsNoEditorTargetPlatform' loaded TargetPlatform 'WindowsNoEditor'
[2020.01.12-02.10.29:255][  0]LogTemp: Display: Module 'WindowsServerTargetPlatform' loaded TargetPlatform 'WindowsServer'
[2020.01.12-02.10.29:260][  0]LogTemp: Display: Module 'WindowsTargetPlatform' loaded TargetPlatform 'Windows'
[2020.01.12-02.10.29:260][  0]LogTargetPlatformManager: Display: Building Assets For Windows
[2020.01.12-02.10.29:266][  0]LogAudioDebug: Display: Lib vorbis DLL was dynamically loaded.
[2020.01.12-02.10.29:302][  0]LogShaderCompilers: Guid format shader working directory is 13 characters bigger than the processId version (../../../../../Unreal/Practice_02/Intermediate/Shaders/WorkingDirectory/1920/).
[2020.01.12-02.10.29:302][  0]LogShaderCompilers: Cleaned the shader compiler working directory 'C:/Users/Owner/AppData/Local/Temp/UnrealShaderWorkingDir/B161B46D4C6F86376CA4F39B1CE5DF3D/'.
[2020.01.12-02.10.29:304][  0]LogXGEController: Cannot use XGE Controller as Incredibuild is not installed on this machine.
[2020.01.12-02.10.29:304][  0]LogShaderCompilers: Cannot use XGE Shader Compiler as Incredibuild is not installed on this machine.
[2020.01.12-02.10.29:304][  0]LogShaderCompilers: Display: Using Local Shader Compiler.
[2020.01.12-02.10.29:799][  0]LogDerivedDataCache: Display: Max Cache Size: 512 MB
[2020.01.12-02.10.29:846][  0]LogDerivedDataCache: Loaded boot cache 0.05s 72MB C:/Users/Owner/AppData/Local/UnrealEngine/4.22/DerivedDataCache/Boot.ddc.
[2020.01.12-02.10.29:846][  0]LogDerivedDataCache: Display: Loaded Boot cache: C:/Users/Owner/AppData/Local/UnrealEngine/4.22/DerivedDataCache/Boot.ddc
[2020.01.12-02.10.29:846][  0]LogDerivedDataCache: FDerivedDataBackendGraph:  Pak pak cache file ../../../../../Unreal/Practice_02/DerivedDataCache/DDC.ddp not found, will not use a pak cache.
[2020.01.12-02.10.29:846][  0]LogDerivedDataCache: Unable to find inner node Pak for hierarchical cache Hierarchy.
[2020.01.12-02.10.29:846][  0]LogDerivedDataCache: FDerivedDataBackendGraph:  CompressedPak pak cache file ../../../../../Unreal/Practice_02/DerivedDataCache/Compressed.ddp not found, will not use a pak cache.
[2020.01.12-02.10.29:846][  0]LogDerivedDataCache: Unable to find inner node CompressedPak for hierarchical cache Hierarchy.
[2020.01.12-02.10.29:857][  0]LogDerivedDataCache: Display: Pak cache opened for reading ../../../Engine/DerivedDataCache/Compressed.ddp.
[2020.01.12-02.10.29:860][  0]LogDerivedDataCache: Display: Pak cache opened for reading ../../../Enterprise/DerivedDataCache/Compressed.ddp.
[2020.01.12-02.10.29:872][  0]LogDerivedDataCache: Using Local data cache path C:/Users/Owner/AppData/Local/UnrealEngine/Common/DerivedDataCache: Writable
[2020.01.12-02.10.29:872][  0]LogDerivedDataCache: Shared data cache path not found in *engine.ini, will not use an Shared cache.
[2020.01.12-02.10.29:872][  0]LogDerivedDataCache: Unable to find inner node Shared for hierarchical cache Hierarchy.
[2020.01.12-02.10.29:890][  0]LogMaterial: Verifying Global Shaders for PCD3D_SM5
[2020.01.12-02.10.29:891][  0]LogSlate: Using FreeType 2.6.0
[2020.01.12-02.10.29:892][  0]LogSlate: SlateFontServices - WITH_FREETYPE: 1, WITH_HARFBUZZ: 1
[2020.01.12-02.10.30:017][  0]LogInit: Using OS detected language (en-US).
[2020.01.12-02.10.30:017][  0]LogInit: Using OS detected locale (en-CA).
[2020.01.12-02.10.30:017][  0]LogTextLocalizationManager: No localization for 'en-US' exists, so 'en' will be used for the language.
[2020.01.12-02.10.30:017][  0]LogTextLocalizationManager: No localization for 'en-CA' exists, so 'en' will be used for the locale.
[2020.01.12-02.10.30:017][  0]LogSlate: FontCache flush requested. Reason: Culture for localization was changed
[2020.01.12-02.10.30:017][  0]LogSlate: FontCache flush requested. Reason: Culture for localization was changed
[2020.01.12-02.10.30:018][  0]LogTextLocalizationManager: Compacting localization data took   0.00ms
[2020.01.12-02.10.30:025][  0]LogAssetRegistry: FAssetRegistry took 0.0037 seconds to start up
[2020.01.12-02.10.30:188][  0]LogPackageLocalizationCache: Processed 16 localized package path(s) for 1 prioritized culture(s) in 0.000771 seconds
[2020.01.12-02.10.30:299][  0]LogInit: Selected Device Profile: [Windows]
[2020.01.12-02.10.30:406][  0]LogMeshReduction: Using QuadricMeshReduction for automatic static mesh reduction
[2020.01.12-02.10.30:406][  0]LogMeshReduction: Using SimplygonMeshReduction for automatic skeletal mesh reduction
[2020.01.12-02.10.30:406][  0]LogMeshReduction: Using ProxyLODMeshReduction for automatic mesh merging
[2020.01.12-02.10.30:407][  0]LogMeshReduction: No distributed automatic mesh merging module available
[2020.01.12-02.10.30:407][  0]LogMeshMerging: No distributed automatic mesh merging module available
[2020.01.12-02.10.30:419][  0]LogNetVersion: Practice_02 1.0.0, NetCL: 5660361, EngineNetVer: 10, GameNetVer: 0 (Checksum: 3505525696)
[2020.01.12-02.10.30:899][  0]LogMoviePlayer: Initializing movie player
[2020.01.12-02.10.31:017][  0]LogTcpMessaging: Initializing TcpMessaging bridge
[2020.01.12-02.10.31:029][  0]LogUdpMessaging: Initializing bridge on interface 0.0.0.0:0 to multicast group 230.0.0.1:6666.
[2020.01.12-02.10.31:126][  0]SourceControl: Source control is disabled
[2020.01.12-02.10.31:126][  0]SourceControl: Source control is disabled
[2020.01.12-02.10.31:127][  0]SourceControl: Source control is disabled
[2020.01.12-02.10.31:170][  0]LogAndroidPermission: UAndroidPermissionCallbackProxy::GetInstance
[2020.01.12-02.10.31:314][  0]LogOcInput: OculusInput pre-init called
[2020.01.12-02.10.31:337][  0]LogUObjectArray: 46461 objects as part of root set at end of initial load.
[2020.01.12-02.10.31:337][  0]LogUObjectAllocator: 8160488 out of 0 bytes used by permanent object pool.
[2020.01.12-02.10.31:337][  0]LogUObjectArray: CloseDisregardForGC: 0/0 objects in disregard for GC pool
[2020.01.12-02.10.31:458][  0]LogEngine: Initializing Engine...
[2020.01.12-02.10.31:459][  0]LogHMD: Failed to initialize OpenVR with code 110
[2020.01.12-02.10.31:471][  0]LogStats: UGameplayTagsManager::InitializeManager -  0.000 s
[2020.01.12-02.10.31:615][  0]LogInit: Initializing FReadOnlyCVARCache
[2020.01.12-02.10.31:664][  0]LogInit: XAudio2 using 'Speaker/Headphone (Realtek(R) Audio)' : 2 channels at 48 kHz using 32 bits per sample (channel mask 0x3)
[2020.01.12-02.10.31:717][  0]LogInit: FAudioDevice initialized.
[2020.01.12-02.10.31:729][  0]LogNetVersion: Set ProjectVersion to 1.0.0.0. Version Checksum will be recalculated on next use.
[2020.01.12-02.10.31:735][  0]LogInit: Texture streaming: Enabled
[2020.01.12-02.10.31:985][  0]LogSlate: Updating window title bar state: overlay mode, drag disabled, window buttons hidden, title bar hidden
[2020.01.12-02.10.31:985][  0]LogInit: Display: Game Engine Initialized.
[2020.01.12-02.10.32:045][  0]LogInit: Display: Starting Game.
[2020.01.12-02.10.32:045][  0]LogNet: Browse: /Game/ThirdPersonBP/Maps/MainMenu?Name=Player
[2020.01.12-02.10.32:045][  0]LogLoad: LoadMap: /Game/ThirdPersonBP/Maps/MainMenu?Name=Player
[2020.01.12-02.10.32:069][  0]LogUObjectHash: Compacting FUObjectHashTables data took   1.21ms
[2020.01.12-02.10.32:088][  0]LogAIModule: Creating AISystem for world MainMenu
[2020.01.12-02.10.32:290][  0]LogLoad: Game class is 'ThirdPersonGameMode_C'
[2020.01.12-02.10.32:304][  0]LogWorld: Bringing World /Game/ThirdPersonBP/Maps/MainMenu.MainMenu up for play (max tick rate 0) at 2020.01.11-21.10.32
[2020.01.12-02.10.32:304][  0]LogWorld: Bringing up level for play took: 0.000532
[2020.01.12-02.10.32:305][  0]LogGameMode: FindPlayerStart: PATHS NOT DEFINED or NO PLAYERSTART with positive rating
[2020.01.12-02.10.32:310][  0]LogPlayerController: Error: InputMode:UIOnly - Attempting to focus Non-Focusable widget SObjectWidget [Widget.cpp(710)]!
[2020.01.12-02.10.32:310][  0]LogLoad: Took 0.265035 seconds to LoadMap(/Game/ThirdPersonBP/Maps/MainMenu)
[2020.01.12-02.10.32:355][  0]LogRenderer: Reallocating scene render targets to support 1280x720 Format 10 NumSamples 1 (Frame:1).
[2020.01.12-02.10.32:355][  0]LogLoad: (Engine Initialization) Total time: 6.05 seconds
[2020.01.12-02.10.32:355][  0]LogLoad: (Engine Initialization) Total Blueprint compile time: 0.00 seconds
[2020.01.12-02.10.32:425][  0]LogContentStreaming: Texture pool size now 1000 MB
[2020.01.12-02.10.34:881][147]LogSlate: FSceneViewport::OnFocusLost() reason 0
[2020.01.12-02.10.35:330][153]LogPackageName: SearchForPackageOnDisk took   0.076s to resolve ThirdPersonExampleMap.umap.
[2020.01.12-02.10.35:402][153]LogPackageName: SearchForPackageOnDisk took   0.071s to resolve ThirdPersonExampleMap.umap.
[2020.01.12-02.10.35:402][153]LogNet: Browse: /Game/ThirdPersonBP/Maps/ThirdPersonExampleMap
[2020.01.12-02.10.35:402][153]LogLoad: LoadMap: /Game/ThirdPersonBP/Maps/ThirdPersonExampleMap
[2020.01.12-02.10.35:435][153]LogUObjectHash: Compacting FUObjectHashTables data took   1.64ms
[2020.01.12-02.10.35:729][153]LogAIModule: Creating AISystem for world ThirdPersonExampleMap
[2020.01.12-02.10.35:731][153]LogLoad: Game class is 'ThirdPersonGameMode_C'
[2020.01.12-02.10.35:736][153]LogWorld: Bringing World /Game/ThirdPersonBP/Maps/ThirdPersonExampleMap.ThirdPersonExampleMap up for play (max tick rate 0) at 2020.01.11-21.10.35
[2020.01.12-02.10.35:736][153]LogWorld: Bringing up level for play took: 0.004261
[2020.01.12-02.10.35:739][153]LogLoad: Took 0.336842 seconds to LoadMap(/Game/ThirdPersonBP/Maps/ThirdPersonExampleMap)
[2020.01.12-02.10.37:265][237]LogBlueprintUserMessages: [Bullet_C_0] P=-0.306976 Y=-126.515862 R=-0.000000
[2020.01.12-02.10.37:266][237]LogCharacterMovement: ThirdPersonCharacter_167 is stuck and failed to move! Velocity: X=-341.95 Y=-493.02 Z=0.00 Location: X=-802.17 Y=293.58 Z=228.42 Normal: X=0.80 Y=-0.59 Z=-0.00 PenetrationDepth:42.057 Actor:Bullet_C_0 Component:Cone BoneName:None (0 other events since notify)
[2020.01.12-02.10.37:524][253]LogBlueprintUserMessages: [Bullet_C_1] P=-0.656955 Y=-121.791389 R=0.000000
[2020.01.12-02.10.37:717][265]LogBlueprintUserMessages: [Bullet_C_2] P=-0.656955 Y=-121.791389 R=0.000000
[2020.01.12-02.10.38:008][283]LogBlueprintUserMessages: [Bullet_C_3] P=-0.656955 Y=-120.741486 R=0.000000
[2020.01.12-02.10.38:201][295]LogBlueprintUserMessages: [Bullet_C_4] P=-0.481959 Y=-119.866562 R=0.000000
[2020.01.12-02.10.38:410][308]LogBlueprintUserMessages: [Bullet_C_5] P=-0.481959 Y=-119.866562 R=0.000000
[2020.01.12-02.10.38:588][319]LogBlueprintUserMessages: [Bullet_C_6] P=-0.481959 Y=-119.866562 R=0.000000
[2020.01.12-02.10.38:798][332]LogBlueprintUserMessages: [Bullet_C_7] P=-0.481959 Y=-119.866562 R=0.000000
[2020.01.12-02.10.39:023][346]LogBlueprintUserMessages: [Bullet_C_8] P=-0.481959 Y=-119.866562 R=0.000000
[2020.01.12-02.10.39:330][365]LogBlueprintUserMessages: [Enemy_14] 0.75
[2020.01.12-02.10.39:330][365]LogBlueprintUserMessages: [Enemy_14] Enemy Hits: 1
[2020.01.12-02.10.39:523][377]LogBlueprintUserMessages: [Enemy_14] 0.5
[2020.01.12-02.10.39:524][377]LogBlueprintUserMessages: [Enemy_14] Enemy Hits: 2
[2020.01.12-02.10.39:798][394]LogBlueprintUserMessages: [Enemy_14] 0.25
[2020.01.12-02.10.39:798][394]LogBlueprintUserMessages: [Enemy_14] Enemy Hits: 3
[2020.01.12-02.10.39:976][405]LogBlueprintUserMessages: [Enemy_14] 0.0
[2020.01.12-02.10.39:976][405]LogBlueprintUserMessages: [Enemy_14] Enemy Hits: 4
[2020.01.12-02.10.42:186][542]LogBlueprintUserMessages: [Bullet_C_9] P=-3.074828 Y=68.573303 R=0.000000
[2020.01.12-02.10.42:186][542]LogCharacterMovement: ThirdPersonCharacter_167 is stuck and failed to move! Velocity: X=200.39 Y=565.55 Z=0.00 Location: X=-1061.56 Y=408.40 Z=228.42 Normal: X=-0.93 Y=0.36 Z=-0.00 PenetrationDepth:42.056 Actor:Bullet_C_9 Component:Cone BoneName:None (2 other events since notify)
[2020.01.12-02.10.42:460][559]LogBlueprintUserMessages: [Bullet_C_10] P=-2.374877 Y=66.298553 R=-0.000000
[2020.01.12-02.10.42:670][572]LogBlueprintUserMessages: [Bullet_C_11] P=-1.499964 Y=64.548752 R=-0.000000
[2020.01.12-02.10.42:879][585]LogBlueprintUserMessages: [Bullet_C_12] P=-1.149992 Y=64.023796 R=-0.000000
[2020.01.12-02.10.43:057][596]LogBlueprintUserMessages: [Bullet_C_13] P=-1.149992 Y=64.023796 R=-0.000000
[2020.01.12-02.10.43:234][607]LogBlueprintUserMessages: [Bullet_C_14] P=-1.149992 Y=64.023796 R=-0.000000
[2020.01.12-02.10.43:686][635]LogBlueprintUserMessages: [Enemy3] 0.75
[2020.01.12-02.10.43:686][635]LogBlueprintUserMessages: [Enemy3] Enemy Hits: 5
[2020.01.12-02.10.43:734][638]LogBlueprintUserMessages: [Bullet_C_15] P=-1.064178 Y=89.867455 R=0.000000
[2020.01.12-02.10.43:815][643]LogBlueprintUserMessages: [Enemy3] 0.5
[2020.01.12-02.10.43:816][643]LogBlueprintUserMessages: [Enemy3] Enemy Hits: 6
[2020.01.12-02.10.43:944][651]LogBlueprintUserMessages: [Bullet_C_16] P=-0.828488 Y=81.804001 R=0.000000
[2020.01.12-02.10.43:945][651]LogBlueprintUserMessages: [Enemy3] 0.25
[2020.01.12-02.10.43:945][651]LogBlueprintUserMessages: [Enemy3] Enemy Hits: 7
[2020.01.12-02.10.44:122][662]LogBlueprintUserMessages: [Enemy3] 0.0
[2020.01.12-02.10.44:122][662]LogBlueprintUserMessages: [Enemy3] Enemy Hits: 8
[2020.01.12-02.10.45:138][725]LogBlueprintUserMessages: [Enemy2_2] 0.75
[2020.01.12-02.10.45:138][725]LogBlueprintUserMessages: [Enemy2_2] Enemy Hits: 9
[2020.01.12-02.10.45:944][775]LogBlueprintUserMessages: [HealingVolume_2] Character has been healed
[2020.01.12-02.10.47:653][881]LogBlueprintUserMessages: [ThirdPersonCharacter_167] 90.0
[2020.01.12-02.10.48:654][943]LogBlueprintUserMessages: [ThirdPersonCharacter_167] 80.0
[2020.01.12-02.10.49:202][977]LogBlueprintUserMessages: [HealingVolume_2] Character has been healed
[2020.01.12-02.10.58:637][560]LogSlate: Window 'Practice_02 (64-bit Development PCD3D_SM5) ' being destroyed
[2020.01.12-02.10.58:638][560]LogWindowsTextInputMethodSystem: Display: IME system now deactivated.
[2020.01.12-02.10.58:641][560]LogSlate: Updating window title bar state: overlay mode, drag disabled, window buttons hidden, title bar hidden
[2020.01.12-02.10.58:641][560]LogEngine: All Windows Closed
[2020.01.12-02.10.58:641][560]LogWindows: FPlatformMisc::RequestExit(0)
[2020.01.12-02.10.59:483][561]LogExit: Preparing to exit.
[2020.01.12-02.10.59:483][561]LogMoviePlayer: Shutting down movie player
[2020.01.12-02.11.00:060][561]LogSlate: Updating window title bar state: overlay mode, drag disabled, window buttons hidden, title bar hidden
[2020.01.12-02.11.00:070][561]LogExit: Game engine shut down
[2020.01.12-02.11.00:204][561]LogExit: Object subsystem successfully closed.
[2020.01.12-02.11.00:220][561]LogShaderCompilers: Display: Shaders left to compile 0
[2020.01.12-02.11.00:222][561]LogD3D11RHI: Shutdown
[2020.01.12-02.11.00:222][561]LogD3D11RHI: CleanupD3DDevice
[2020.01.12-02.11.00:223][561]LogRendererCore: FGlobalReadBuffer::ReleaseRHI
[2020.01.12-02.11.00:223][561]LogRendererCore: FGlobalDynamicReadBuffer::Cleanup()
[2020.01.12-02.11.00:223][561]LogRendererCore: FGlobalReadBuffer::ReleaseRHI
[2020.01.12-02.11.00:223][561]LogRendererCore: FGlobalDynamicReadBuffer::Cleanup()
[2020.01.12-02.11.00:223][561]LogRendererCore: FGlobalReadBuffer::ReleaseRHI
[2020.01.12-02.11.00:223][561]LogRendererCore: FGlobalDynamicReadBuffer::Cleanup()
[2020.01.12-02.11.00:295][561]LogD3D11RHI: ~FD3D11DynamicRHI
[2020.01.12-02.11.00:301][561]LogModuleManager: Shutting down and abandoning module SequenceRecorderSections (400)
[2020.01.12-02.11.00:301][561]LogModuleManager: Shutting down and abandoning module SequenceRecorder (398)
[2020.01.12-02.11.00:301][561]LogModuleManager: Shutting down and abandoning module AutomationController (396)
[2020.01.12-02.11.00:301][561]LogModuleManager: Shutting down and abandoning module AutomationWorker (394)
[2020.01.12-02.11.00:301][561]LogModuleManager: Shutting down and abandoning module Voice (392)
[2020.01.12-02.11.00:302][561]LogModuleManager: Shutting down and abandoning module AIModule (390)
[2020.01.12-02.11.00:302][561]LogModuleManager: Shutting down and abandoning module GameplayDebugger (389)
[2020.01.12-02.11.00:302][561]LogModuleManager: Shutting down and abandoning module AITestSuite (387)
[2020.01.12-02.11.00:302][561]LogModuleManager: Shutting down and abandoning module NavigationSystem (385)
[2020.01.12-02.11.00:302][561]LogModuleManager: Shutting down and abandoning module OculusMR (382)
[2020.01.12-02.11.00:302][561]LogModuleManager: Shutting down and abandoning module WmfMediaFactory (380)
[2020.01.12-02.11.00:302][561]LogModuleManager: Shutting down and abandoning module WebMMediaFactory (378)
[2020.01.12-02.11.00:302][561]LogModuleManager: Shutting down and abandoning module WebMMedia (376)
[2020.01.12-02.11.00:302][561]LogModuleManager: Shutting down and abandoning module OpenExrWrapper (374)
[2020.01.12-02.11.00:302][561]LogModuleManager: Shutting down and abandoning module ImgMediaFactory (372)
[2020.01.12-02.11.00:302][561]LogModuleManager: Shutting down and abandoning module AvfMediaFactory (370)
[2020.01.12-02.11.00:302][561]LogModuleManager: Shutting down and abandoning module MagicLeapCameraPreviewFactory (368)
[2020.01.12-02.11.00:302][561]LogModuleManager: Shutting down and abandoning module MagicLeapMediaCodecFactory (366)
[2020.01.12-02.11.00:302][561]LogModuleManager: Shutting down and abandoning module MagicLeapMediaFactory (364)
[2020.01.12-02.11.00:302][561]LogModuleManager: Shutting down and abandoning module CharacterAI (362)
[2020.01.12-02.11.00:302][561]LogModuleManager: Shutting down and abandoning module SessionServices (360)
[2020.01.12-02.11.00:302][561]LogModuleManager: Shutting down and abandoning module MovieSceneCapture (358)
[2020.01.12-02.11.00:302][561]LogModuleManager: Shutting down and abandoning module LiveCoding (356)
[2020.01.12-02.11.00:302][561]LogModuleManager: Shutting down and abandoning module LevelSequence (354)
[2020.01.12-02.11.00:302][561]LogModuleManager: Shutting down and abandoning module MovieSceneTracks (352)
[2020.01.12-02.11.00:302][561]LogModuleManager: Shutting down and abandoning module MovieScene (350)
[2020.01.12-02.11.00:302][561]LogModuleManager: Shutting down and abandoning module StreamingPauseRendering (348)
[2020.01.12-02.11.00:302][561]LogModuleManager: Shutting down and abandoning module PortalServices (346)
[2020.01.12-02.11.00:302][561]LogModuleManager: Shutting down and abandoning module PortalRpc (344)
[2020.01.12-02.11.00:302][561]LogModuleManager: Shutting down and abandoning module MessagingRpc (342)
[2020.01.12-02.11.00:302][561]LogModuleManager: Shutting down and abandoning module ImageWriteQueue (340)
[2020.01.12-02.11.00:305][561]LogModuleManager: Shutting down and abandoning module ProfilerService (338)
[2020.01.12-02.11.00:399][561]LogModuleManager: Shutting down and abandoning module TaskGraph (336)
[2020.01.12-02.11.00:399][561]LogModuleManager: Shutting down and abandoning module SteamVRController (334)
[2020.01.12-02.11.00:399][561]LogModuleManager: Shutting down and abandoning module ProceduralMeshComponent (332)
[2020.01.12-02.11.00:399][561]LogModuleManager: Shutting down and abandoning module OculusInput (330)
[2020.01.12-02.11.00:399][561]LogModuleManager: Shutting down and abandoning module MobilePatchingUtils (328)
[2020.01.12-02.11.00:399][561]LogModuleManager: Shutting down and abandoning module EditableMesh (326)
[2020.01.12-02.11.00:399][561]LogModuleManager: Shutting down and abandoning module CustomMeshComponent (324)
[2020.01.12-02.11.00:399][561]LogModuleManager: Shutting down and abandoning module CableComponent (322)
[2020.01.12-02.11.00:399][561]LogModuleManager: Shutting down and abandoning module AudioCapture (320)
[2020.01.12-02.11.00:399][561]LogModuleManager: Shutting down and abandoning module ArchVisCharacter (318)
[2020.01.12-02.11.00:399][561]LogModuleManager: Shutting down and abandoning module AndroidPermission (316)
[2020.01.12-02.11.00:399][561]LogModuleManager: Shutting down and abandoning module NUTUnrealEngine4 (314)
[2020.01.12-02.11.00:399][561]LogModuleManager: Shutting down and abandoning module NetcodeUnitTest (312)
[2020.01.12-02.11.00:399][561]LogModuleManager: Shutting down and abandoning module MediaCompositing (310)
[2020.01.12-02.11.00:399][561]LogModuleManager: Shutting down and abandoning module LinearTimecode (308)
[2020.01.12-02.11.00:399][561]LogModuleManager: Shutting down and abandoning module ImgMedia (306)
[2020.01.12-02.11.00:399][561]LogModuleManager: Shutting down and abandoning module MagicLeapHelperVulkan (304)
[2020.01.12-02.11.00:399][561]LogModuleManager: Shutting down and abandoning module MagicLeapHelperOpenGL (302)
[2020.01.12-02.11.00:399][561]LogModuleManager: Shutting down and abandoning module MagicLeapAudio (300)
[2020.01.12-02.11.00:399][561]LogModuleManager: Shutting down and abandoning module HTML5Networking (298)
[2020.01.12-02.11.00:399][561]LogModuleManager: Shutting down and abandoning module GeometryCollectionExampleCore (296)
[2020.01.12-02.11.00:400][561]LogModuleManager: Shutting down and abandoning module GeometryCacheTracks (294)
[2020.01.12-02.11.00:400][561]LogModuleManager: Shutting down and abandoning module GeometryCacheSequencer (293)
[2020.01.12-02.11.00:400][561]LogModuleManager: Shutting down and abandoning module GeometryCache (290)
[2020.01.12-02.11.00:400][561]LogModuleManager: Shutting down and abandoning module GeometryCacheEd (289)
[2020.01.12-02.11.00:400][561]LogModuleManager: Shutting down and abandoning module BackChannel (286)
[2020.01.12-02.11.00:400][561]LogModuleManager: Shutting down and abandoning module AppleVision (284)
[2020.01.12-02.11.00:400][561]LogModuleManager: Shutting down and abandoning module AppleImageUtilsBlueprintSupport (282)
[2020.01.12-02.11.00:400][561]LogModuleManager: Shutting down and abandoning module AppleImageUtils (280)
[2020.01.12-02.11.00:400][561]LogModuleManager: Shutting down and abandoning module VariantManagerContent (278)
[2020.01.12-02.11.00:400][561]LogModuleManager: Shutting down and abandoning module CryptoKeysOpenSSL (276)
[2020.01.12-02.11.00:400][561]LogModuleManager: Shutting down and abandoning module CryptoKeys (274)
[2020.01.12-02.11.00:400][561]LogModuleManager: Shutting down and abandoning module VisualStudioSourceCodeAccess (272)
[2020.01.12-02.11.00:400][561]LogModuleManager: Shutting down and abandoning module HotReload (271)
[2020.01.12-02.11.00:400][561]LogModuleManager: Shutting down and abandoning module DirectoryWatcher (270)
[2020.01.12-02.11.00:400][561]LogModuleManager: Shutting down and abandoning module VisualStudioCodeSourceCodeAccess (266)
[2020.01.12-02.11.00:400][561]LogModuleManager: Shutting down and abandoning module UObjectPlugin (264)
[2020.01.12-02.11.00:400][561]LogModuleManager: Shutting down and abandoning module SubversionSourceControl (262)
[2020.01.12-02.11.00:400][561]LogModuleManager: Shutting down and abandoning module PerforceSourceControl (260)
[2020.01.12-02.11.00:400][561]LogModuleManager: Shutting down and abandoning module SourceControl (259)
[2020.01.12-02.11.00:400][561]LogModuleManager: Shutting down and abandoning module CLionSourceCodeAccess (256)
[2020.01.12-02.11.00:400][561]LogModuleManager: Shutting down and abandoning module ActorLayerUtilities (254)
[2020.01.12-02.11.00:400][561]LogModuleManager: Shutting down and abandoning module SignificanceManager (252)
[2020.01.12-02.11.00:400][561]LogModuleManager: Shutting down and abandoning module RuntimePhysXCooking (250)
[2020.01.12-02.11.00:400][561]LogModuleManager: Shutting down and abandoning module PhysXVehiclesEditor (248)
[2020.01.12-02.11.00:400][561]LogModuleManager: Shutting down and abandoning module PhysXVehicles (246)
[2020.01.12-02.11.00:400][561]LogModuleManager: Shutting down and abandoning module LocationServicesBPLibrary (244)
[2020.01.12-02.11.00:400][561]LogModuleManager: Shutting down and abandoning module ActorSequence (242)
[2020.01.12-02.11.00:400][561]LogModuleManager: Shutting down and abandoning module UdpMessaging (240)
[2020.01.12-02.11.00:501][561]LogModuleManager: Shutting down and abandoning module TcpMessaging (238)
[2020.01.12-02.11.01:037][561]LogModuleManager: Shutting down and abandoning module MagicLeapIdentity (236)
[2020.01.12-02.11.01:037][561]LogModuleManager: Shutting down and abandoning module MagicLeapSecureStorage (234)
[2020.01.12-02.11.01:037][561]LogModuleManager: Shutting down and abandoning module MagicLeapHandTracking (232)
[2020.01.12-02.11.01:037][561]LogModuleManager: Shutting down and abandoning module MagicLeapEyeTracker (230)
[2020.01.12-02.11.01:037][561]LogModuleManager: Shutting down and abandoning module MagicLeapController (228)
[2020.01.12-02.11.01:037][561]LogSlate: Slate User Destroyed.  User Index 0, Is Virtual User: 0
[2020.01.12-02.11.01:037][561]LogModuleManager: Shutting down and abandoning module MagicLeapAR (226)
[2020.01.12-02.11.01:037][561]LogModuleManager: Shutting down and abandoning module AugmentedReality (225)
[2020.01.12-02.11.01:037][561]LogModuleManager: Shutting down and abandoning module GameplayTagsEditor (222)
[2020.01.12-02.11.01:037][561]LogModuleManager: Shutting down and abandoning module FacialAnimation (220)
[2020.01.12-02.11.01:037][561]LogModuleManager: Shutting down and abandoning module DataValidation (218)
[2020.01.12-02.11.01:037][561]LogModuleManager: Shutting down and abandoning module AssetManagerEditor (216)
[2020.01.12-02.11.01:037][561]LogModuleManager: Shutting down and abandoning module TreeMap (215)
[2020.01.12-02.11.01:037][561]LogModuleManager: Shutting down and abandoning module AnimationSharing (212)
[2020.01.12-02.11.01:037][561]LogModuleManager: Shutting down and abandoning module LightPropagationVolumeRuntime (210)
[2020.01.12-02.11.01:037][561]LogModuleManager: Shutting down and abandoning module AISupportModule (208)
[2020.01.12-02.11.01:037][561]LogModuleManager: Shutting down and abandoning module Paper2D (206)
[2020.01.12-02.11.01:037][561]LogModuleManager: Shutting down and abandoning module WindowsMoviePlayer (204)
[2020.01.12-02.11.01:038][561]LogModuleManager: Shutting down and abandoning module WebMMoviePlayer (202)
[2020.01.12-02.11.01:038][561]LogModuleManager: Shutting down and abandoning module PacketHandler (200)
[2020.01.12-02.11.01:038][561]LogModuleManager: Shutting down and abandoning module ClothingSystemEditor (198)
[2020.01.12-02.11.01:038][561]LogModuleManager: Shutting down and abandoning module ClothingSystemRuntime (196)
[2020.01.12-02.11.01:038][561]LogModuleManager: Shutting down and abandoning module MediaAssets (194)
[2020.01.12-02.11.01:038][561]LogModuleManager: Shutting down and abandoning module Overlay (192)
[2020.01.12-02.11.01:038][561]LogModuleManager: Shutting down and abandoning module OverlayEditor (191)
[2020.01.12-02.11.01:038][561]LogModuleManager: Shutting down and abandoning module VREditor (188)
[2020.01.12-02.11.01:038][561]LogModuleManager: Shutting down and abandoning module StringTableEditor (186)
[2020.01.12-02.11.01:038][561]LogModuleManager: Shutting down and abandoning module GameplayTasksEditor (184)
[2020.01.12-02.11.01:038][561]LogModuleManager: Shutting down and abandoning module BehaviorTreeEditor (182)
[2020.01.12-02.11.01:038][561]LogModuleManager: Shutting down and abandoning module FunctionalTesting (180)
[2020.01.12-02.11.01:038][561]LogModuleManager: Shutting down and abandoning module CollisionAnalyzer (178)
[2020.01.12-02.11.01:038][561]LogModuleManager: Shutting down and abandoning module WorkspaceMenuStructure (177)
[2020.01.12-02.11.01:038][561]LogModuleManager: Shutting down and abandoning module UMG (174)
[2020.01.12-02.11.01:038][561]LogModuleManager: Shutting down and abandoning module UMGEditor (173)
[2020.01.12-02.11.01:038][561]LogModuleManager: Shutting down and abandoning module Sequencer (172)
[2020.01.12-02.11.01:038][561]LogModuleManager: Shutting down and abandoning module MessageLog (169)
[2020.01.12-02.11.01:038][561]LogModuleManager: Shutting down and abandoning module SlateReflector (164)
[2020.01.12-02.11.01:038][561]LogModuleManager: Shutting down and abandoning module Slate (162)
[2020.01.12-02.11.01:038][561]LogModuleManager: Shutting down and abandoning module EditorStyle (160)
[2020.01.12-02.11.01:039][561]LogModuleManager: Shutting down and abandoning module UnrealEd (158)
[2020.01.12-02.11.01:039][561]LogModuleManager: Shutting down and abandoning module MRMesh (156)
[2020.01.12-02.11.01:039][561]LogModuleManager: Shutting down and abandoning module Messaging (154)
[2020.01.12-02.11.01:039][561]LogModuleManager: Shutting down and abandoning module SourceCodeAccess (152)
[2020.01.12-02.11.01:039][561]LogModuleManager: Shutting down and abandoning module HeadMountedDisplay (150)
[2020.01.12-02.11.01:039][561]LogModuleManager: Shutting down and abandoning module XAudio2 (148)
[2020.01.12-02.11.01:039][561]LogModuleManager: Shutting down and abandoning module Networking (146)
[2020.01.12-02.11.01:039][561]LogModuleManager: Shutting down and abandoning module Core (144)
[2020.01.12-02.11.01:039][561]LogModuleManager: Shutting down and abandoning module KismetCompiler (142)
[2020.01.12-02.11.01:039][561]LogModuleManager: Shutting down and abandoning module MeshUtilities (140)
[2020.01.12-02.11.01:039][561]LogModuleManager: Shutting down and abandoning module MeshMergeUtilities (139)
[2020.01.12-02.11.01:039][561]LogModuleManager: Shutting down and abandoning module MeshReductionInterface (138)
[2020.01.12-02.11.01:039][561]LogModuleManager: Shutting down and abandoning module SkeletalMeshReduction (137)
[2020.01.12-02.11.01:039][561]LogModuleManager: Shutting down and abandoning module ProxyLODMeshReduction (135)
[2020.01.12-02.11.01:039][561]LogModuleManager: Shutting down and abandoning module QuadricMeshReduction (133)
[2020.01.12-02.11.01:039][561]LogModuleManager: Shutting down and abandoning module MaterialBaking (129)
[2020.01.12-02.11.01:039][561]LogModuleManager: Shutting down and abandoning module PIEPreviewDeviceProfileSelector (124)
[2020.01.12-02.11.01:039][561]LogModuleManager: Shutting down and abandoning module DerivedDataCache (122)
